<?xml version="1.0" encoding="UTF-8"?>
<coverage generated="1590946721588" clover="3.2.0">
  <project timestamp="1590946721589" name="All files">
    <metrics statements="15" coveredstatements="15" conditionals="0" coveredconditionals="0" methods="6" coveredmethods="6" elements="21" coveredelements="21" complexity="0" loc="15" ncloc="15" packages="1" files="3" classes="3"/>
    <file name="get-geodata.js" path="C:\Users\zanch\Desktop\RS\repository_privat\zanchess-RS2020Q1\fancy-weather\src\app\js\api\get-geodata.js">
      <metrics statements="5" coveredstatements="5" conditionals="0" coveredconditionals="0" methods="2" coveredmethods="2"/>
      <line num="1" count="1" type="stmt"/>
      <line num="2" count="1" type="stmt"/>
      <line num="4" count="1" type="stmt"/>
      <line num="5" count="1" type="stmt"/>
      <line num="6" count="1" type="stmt"/>
    </file>
    <file name="get-translate.js" path="C:\Users\zanch\Desktop\RS\repository_privat\zanchess-RS2020Q1\fancy-weather\src\app\js\api\get-translate.js">
      <metrics statements="5" coveredstatements="5" conditionals="0" coveredconditionals="0" methods="2" coveredmethods="2"/>
      <line num="1" count="1" type="stmt"/>
      <line num="2" count="1" type="stmt"/>
      <line num="4" count="1" type="stmt"/>
      <line num="5" count="1" type="stmt"/>
      <line num="6" count="1" type="stmt"/>
    </file>
    <file name="get-weather.js" path="C:\Users\zanch\Desktop\RS\repository_privat\zanchess-RS2020Q1\fancy-weather\src\app\js\api\get-weather.js">
      <metrics statements="5" coveredstatements="5" conditionals="0" coveredconditionals="0" methods="2" coveredmethods="2"/>
      <line num="1" count="1" type="stmt"/>
      <line num="2" count="1" type="stmt"/>
      <line num="4" count="1" type="stmt"/>
      <line num="5" count="1" type="stmt"/>
      <line num="6" count="1" type="stmt"/>
    </file>
  </project>
</coverage>
