{"C:\\Users\\zanch\\Desktop\\RS\\repository_privat\\zanchess-RS2020Q1\\fancy-weather\\src\\app\\js\\api\\get-geodata.js": {"path":"C:\\Users\\zanch\\Desktop\\RS\\repository_privat\\zanchess-RS2020Q1\\fancy-weather\\src\\app\\js\\api\\get-geodata.js","statementMap":{"0":{"start":{"line":1,"column":19},"end":{"line":7,"column":1}},"1":{"start":{"line":2,"column":14},"end":{"line":2,"column":150}},"2":{"start":{"line":4,"column":18},"end":{"line":5,"column":30}},"3":{"start":{"line":5,"column":19},"end":{"line":5,"column":29}},"4":{"start":{"line":6,"column":2},"end":{"line":6,"column":17}}},"fnMap":{"0":{"name":"(anonymous_0)","decl":{"start":{"line":1,"column":19},"end":{"line":1,"column":20}},"loc":{"start":{"line":1,"column":35},"end":{"line":7,"column":1}},"line":1},"1":{"name":"(anonymous_1)","decl":{"start":{"line":5,"column":10},"end":{"line":5,"column":11}},"loc":{"start":{"line":5,"column":19},"end":{"line":5,"column":29}},"line":5}},"branchMap":{},"s":{"0":1,"1":1,"2":1,"3":1,"4":1},"f":{"0":1,"1":1},"b":{},"_coverageSchema":"43e27e138ebf9cfc5966b082cf9a028302ed4184","hash":"33c6997d7b5bb4fad0700809d6cd906b4ac3cbf8"}
,"C:\\Users\\zanch\\Desktop\\RS\\repository_privat\\zanchess-RS2020Q1\\fancy-weather\\src\\app\\js\\api\\get-translate.js": {"path":"C:\\Users\\zanch\\Desktop\\RS\\repository_privat\\zanchess-RS2020Q1\\fancy-weather\\src\\app\\js\\api\\get-translate.js","statementMap":{"0":{"start":{"line":1,"column":21},"end":{"line":7,"column":1}},"1":{"start":{"line":2,"column":14},"end":{"line":2,"column":198}},"2":{"start":{"line":4,"column":17},"end":{"line":5,"column":30}},"3":{"start":{"line":5,"column":19},"end":{"line":5,"column":29}},"4":{"start":{"line":6,"column":2},"end":{"line":6,"column":16}}},"fnMap":{"0":{"name":"(anonymous_0)","decl":{"start":{"line":1,"column":21},"end":{"line":1,"column":22}},"loc":{"start":{"line":1,"column":47},"end":{"line":7,"column":1}},"line":1},"1":{"name":"(anonymous_1)","decl":{"start":{"line":5,"column":10},"end":{"line":5,"column":11}},"loc":{"start":{"line":5,"column":19},"end":{"line":5,"column":29}},"line":5}},"branchMap":{},"s":{"0":1,"1":1,"2":1,"3":1,"4":1},"f":{"0":1,"1":1},"b":{},"_coverageSchema":"43e27e138ebf9cfc5966b082cf9a028302ed4184","hash":"f9eed8730923daacf7de8453c09c6f6d973f5e94"}
,"C:\\Users\\zanch\\Desktop\\RS\\repository_privat\\zanchess-RS2020Q1\\fancy-weather\\src\\app\\js\\api\\get-weather.js": {"path":"C:\\Users\\zanch\\Desktop\\RS\\repository_privat\\zanchess-RS2020Q1\\fancy-weather\\src\\app\\js\\api\\get-weather.js","statementMap":{"0":{"start":{"line":1,"column":23},"end":{"line":7,"column":1}},"1":{"start":{"line":2,"column":14},"end":{"line":2,"column":165}},"2":{"start":{"line":4,"column":18},"end":{"line":5,"column":30}},"3":{"start":{"line":5,"column":19},"end":{"line":5,"column":29}},"4":{"start":{"line":6,"column":2},"end":{"line":6,"column":17}}},"fnMap":{"0":{"name":"(anonymous_0)","decl":{"start":{"line":1,"column":23},"end":{"line":1,"column":24}},"loc":{"start":{"line":1,"column":55},"end":{"line":7,"column":1}},"line":1},"1":{"name":"(anonymous_1)","decl":{"start":{"line":5,"column":10},"end":{"line":5,"column":11}},"loc":{"start":{"line":5,"column":19},"end":{"line":5,"column":29}},"line":5}},"branchMap":{},"s":{"0":1,"1":1,"2":1,"3":1,"4":1},"f":{"0":1,"1":1},"b":{},"_coverageSchema":"43e27e138ebf9cfc5966b082cf9a028302ed4184","hash":"0bf2d5229534a926ec198b2ee4205ca69d4b38f5"}
}
